<?xml version="1.0" encoding="UTF-8"?>
<!-- Generated by org.testng.reporters.JUnitXMLReporter -->
<testsuite ignored="1" hostname="WONDR9LGW9M6C2" failures="0" tests="2" name="Test" time="0.16" errors="0" timestamp="2022-06-06T08:27:55 IST">
  <testcase classname="com.sellabs.GroupTest" name="advancedSearch" time="0.02"/>
  <testcase classname="com.sellabs.GroupTest" name="buyProducts" time="0.018"/>
  <testcase classname="com.sellabs.GroupTest" name="search" time="0.0">
    <ignored/>
  </testcase> <!-- search -->
</testsuite> <!-- Test -->
