<?xml version="1.0" encoding="UTF-8"?>
<!-- Generated by org.testng.reporters.JUnitXMLReporter -->
<testsuite ignored="4" hostname="WONDR9LGW9M6C2" failures="0" tests="4" name="MultipleTest" time="0.143" errors="0" timestamp="2022-06-05T20:44:04 IST">
  <testcase classname="com.sellabs.MyTestClass2" name="myTestMethod3" time="0.011"/>
  <testcase classname="com.sellabs.MyTestClass2" name="myTestMethod4" time="0.008"/>
  <testcase classname="com.sellabs.MyTestclass1" name="myTestMethod1" time="0.002"/>
  <testcase classname="com.sellabs.MyTestclass1" name="myTestMethod2" time="0.003"/>
  <testcase classname="com.sellabs.SeleniumAbstractClass" name="@BeforeTest beforeTest" time="0.0">
    <ignored/>
  </testcase> <!-- @BeforeTest beforeTest -->
  <testcase classname="com.sellabs.SeleniumAbstractClass" name="@AfterTest afterTest" time="0.0">
    <ignored/>
  </testcase> <!-- @AfterTest afterTest -->
  <testcase classname="com.sellabs.SeleniumAbstractClass" name="@BeforeSuite beforeSuite" time="0.0">
    <ignored/>
  </testcase> <!-- @BeforeSuite beforeSuite -->
  <testcase classname="com.sellabs.SeleniumAbstractClass" name="@AfterSuite afterSuite" time="0.0">
    <ignored/>
  </testcase> <!-- @AfterSuite afterSuite -->
</testsuite> <!-- MultipleTest -->
