<?xml version="1.0" encoding="UTF-8"?>
<testng-results skipped="0" failed="0" ignored="0" total="7" passed="7">
  <reporter-output>
  </reporter-output>
  <suite name="MultipleSuite" duration-ms="240" started-at="2022-06-06T10:55:58 IST" finished-at="2022-06-06T10:55:59 IST">
    <groups>
    </groups>
    <test name="Test" duration-ms="240" started-at="2022-06-06T10:55:58 IST" finished-at="2022-06-06T10:55:59 IST">
      <class name="com.sellabs.TestNg">
        <test-method status="PASS" signature="precond()[pri:0, instance:com.sellabs.TestNg@33c7e1bb]" name="precond" is-config="true" duration-ms="2" started-at="2022-06-06T10:55:59 IST" finished-at="2022-06-06T10:55:59 IST">
          <reporter-output>
          </reporter-output>
        </test-method> <!-- precond -->
        <test-method status="PASS" signature="A()[pri:0, instance:com.sellabs.TestNg@33c7e1bb]" name="A" duration-ms="6" started-at="2022-06-06T10:55:59 IST" finished-at="2022-06-06T10:55:59 IST">
          <reporter-output>
          </reporter-output>
        </test-method> <!-- A -->
        <test-method status="PASS" signature="postcond()[pri:0, instance:com.sellabs.TestNg@33c7e1bb]" name="postcond" is-config="true" duration-ms="1" started-at="2022-06-06T10:55:59 IST" finished-at="2022-06-06T10:55:59 IST">
          <reporter-output>
          </reporter-output>
        </test-method> <!-- postcond -->
        <test-method status="PASS" signature="precond()[pri:0, instance:com.sellabs.TestNg@33c7e1bb]" name="precond" is-config="true" duration-ms="1" started-at="2022-06-06T10:55:59 IST" finished-at="2022-06-06T10:55:59 IST">
          <reporter-output>
          </reporter-output>
        </test-method> <!-- precond -->
        <test-method status="PASS" signature="C()[pri:0, instance:com.sellabs.TestNg@33c7e1bb]" name="C" duration-ms="3" started-at="2022-06-06T10:55:59 IST" finished-at="2022-06-06T10:55:59 IST">
          <reporter-output>
          </reporter-output>
        </test-method> <!-- C -->
        <test-method status="PASS" signature="postcond()[pri:0, instance:com.sellabs.TestNg@33c7e1bb]" name="postcond" is-config="true" duration-ms="1" started-at="2022-06-06T10:55:59 IST" finished-at="2022-06-06T10:55:59 IST">
          <reporter-output>
          </reporter-output>
        </test-method> <!-- postcond -->
        <test-method status="PASS" signature="precond()[pri:0, instance:com.sellabs.TestNg@33c7e1bb]" name="precond" is-config="true" duration-ms="1" started-at="2022-06-06T10:55:59 IST" finished-at="2022-06-06T10:55:59 IST">
          <reporter-output>
          </reporter-output>
        </test-method> <!-- precond -->
        <test-method status="PASS" signature="D()[pri:0, instance:com.sellabs.TestNg@33c7e1bb]" name="D" duration-ms="6" started-at="2022-06-06T10:55:59 IST" finished-at="2022-06-06T10:55:59 IST">
          <reporter-output>
          </reporter-output>
        </test-method> <!-- D -->
        <test-method status="PASS" signature="postcond()[pri:0, instance:com.sellabs.TestNg@33c7e1bb]" name="postcond" is-config="true" duration-ms="5" started-at="2022-06-06T10:55:59 IST" finished-at="2022-06-06T10:55:59 IST">
          <reporter-output>
          </reporter-output>
        </test-method> <!-- postcond -->
        <test-method status="PASS" signature="precond()[pri:0, instance:com.sellabs.TestNg@33c7e1bb]" name="precond" is-config="true" duration-ms="1" started-at="2022-06-06T10:55:59 IST" finished-at="2022-06-06T10:55:59 IST">
          <reporter-output>
          </reporter-output>
        </test-method> <!-- precond -->
        <test-method status="PASS" signature="B()[pri:4, instance:com.sellabs.TestNg@33c7e1bb]" name="B" duration-ms="3" started-at="2022-06-06T10:55:59 IST" finished-at="2022-06-06T10:55:59 IST">
          <reporter-output>
          </reporter-output>
        </test-method> <!-- B -->
        <test-method status="PASS" signature="postcond()[pri:0, instance:com.sellabs.TestNg@33c7e1bb]" name="postcond" is-config="true" duration-ms="1" started-at="2022-06-06T10:55:59 IST" finished-at="2022-06-06T10:55:59 IST">
          <reporter-output>
          </reporter-output>
        </test-method> <!-- postcond -->
      </class> <!-- com.sellabs.TestNg -->
      <class name="com.sellabs.TestngProgOne">
        <test-method status="PASS" signature="E()[pri:0, instance:com.sellabs.TestngProgOne@4493d195]" name="E" duration-ms="25" started-at="2022-06-06T10:55:59 IST" finished-at="2022-06-06T10:55:59 IST">
          <reporter-output>
          </reporter-output>
        </test-method> <!-- E -->
        <test-method status="PASS" signature="F()[pri:0, instance:com.sellabs.TestngProgOne@4493d195]" name="F" duration-ms="3" started-at="2022-06-06T10:55:59 IST" finished-at="2022-06-06T10:55:59 IST">
          <reporter-output>
          </reporter-output>
        </test-method> <!-- F -->
        <test-method status="PASS" signature="G()[pri:0, instance:com.sellabs.TestngProgOne@4493d195]" name="G" duration-ms="3" started-at="2022-06-06T10:55:59 IST" finished-at="2022-06-06T10:55:59 IST">
          <reporter-output>
          </reporter-output>
        </test-method> <!-- G -->
      </class> <!-- com.sellabs.TestngProgOne -->
    </test> <!-- Test -->
  </suite> <!-- MultipleSuite -->
</testng-results>
