<?xml version="1.0" encoding="UTF-8"?>
<!-- Generated by org.testng.reporters.JUnitXMLReporter -->
<testsuite hostname="WONDR9LGW9M6C2" ignored="0" name="Test" tests="7" failures="0" timestamp="2022-06-06T10:55:59 IST" time="0.24" errors="0">
  <testcase name="E" time="0.025" classname="com.sellabs.TestngProgOne"/>
  <testcase name="F" time="0.003" classname="com.sellabs.TestngProgOne"/>
  <testcase name="G" time="0.003" classname="com.sellabs.TestngProgOne"/>
  <testcase name="A" time="0.006" classname="com.sellabs.TestNg"/>
  <testcase name="C" time="0.003" classname="com.sellabs.TestNg"/>
  <testcase name="D" time="0.006" classname="com.sellabs.TestNg"/>
  <testcase name="B" time="0.003" classname="com.sellabs.TestNg"/>
</testsuite> <!-- Test -->
